This file contains any messages produced by compilers while
running configure, to aid debugging if configure makes a mistake.

It was created by dip_logtail configure 1.0, which was
generated by GNU Autoconf 2.59.  Invocation command line was

  $ ./configure CPPFLAGS=-I/usr/local/dip/depsys/fb303-thrift-0.4.0/include/thrift/fb303 -I/usr/local/dip/depsys/thrift-0.4.0/include/thrift -I/usr/local/dip/depsys/libcurl/include LDFLAGS=-L/usr/local/dip/depsys/fb303-thrift-0.4.0/lib -L/usr/local/dip/depsys/thrift-0.4.0/lib --prefix=/usr/home/guoxian1/test_logtail

## --------- ##
## Platform. ##
## --------- ##

hostname = h-master
uname -m = x86_64
uname -r = 2.6.18-164.el5
uname -s = Linux
uname -v = #1 SMP Thu Sep 3 03:28:30 EDT 2009

/usr/bin/uname -p = unknown
/bin/uname -X     = unknown

/bin/arch              = x86_64
/usr/bin/arch -k       = unknown
/usr/convex/getsysinfo = unknown
hostinfo               = unknown
/bin/machine           = unknown
/usr/bin/oslevel       = unknown
/bin/universe          = unknown

PATH: /usr/kerberos/sbin
PATH: /usr/kerberos/bin
PATH: /usr/home/hadoop/hadoop-0.20.2/bin
PATH: /usr/local/php/bin
PATH: /usr/local/mysql/bin
PATH: /bin/
PATH: /sbin/
PATH: /usr/local/bin/
PATH: /usr/bin/
PATH: /usr/sbin/
PATH: /usr/local/sbin
PATH: /usr/local/pgsql/bin
PATH: /usr/java/jdk1.6.0_23/bin
PATH: /usr/java/jdk1.6.0_23/jre/bin
PATH: /bin
PATH: /usr/home/hadoop/hadoop-0.20.2/contrib/hive/bin
PATH: /usr/home/hadoop/hadoop-0.20.2/apache-ant-1.7.1/bin
PATH: /usr/local/apache-maven-2.0.11/bin


## ----------- ##
## Core tests. ##
## ----------- ##

configure:1366: checking for a BSD-compatible install
configure:1421: result: /usr/bin//install -c
configure:1432: checking whether build environment is sane
configure:1475: result: yes
configure:1540: checking for gawk
configure:1556: found /bin//gawk
configure:1566: result: gawk
configure:1576: checking whether make sets $(MAKE)
configure:1596: result: yes
configure:1970: checking for g++
configure:1986: found /usr/bin//g++
configure:1996: result: g++
configure:2012: checking for C++ compiler version
configure:2015: g++ --version </dev/null >&5
g++ (GCC) 4.1.2 20080704 (Red Hat 4.1.2-50)
Copyright (C) 2006 Free Software Foundation, Inc.
This is free software; see the source for copying conditions.  There is NO
warranty; not even for MERCHANTABILITY or FITNESS FOR A PARTICULAR PURPOSE.

configure:2018: $? = 0
configure:2020: g++ -v </dev/null >&5
Using built-in specs.
Target: x86_64-redhat-linux
Configured with: ../configure --prefix=/usr --mandir=/usr/share/man --infodir=/usr/share/info --enable-shared --enable-threads=posix --enable-checking=release --with-system-zlib --enable-__cxa_atexit --disable-libunwind-exceptions --enable-libgcj-multifile --enable-languages=c,c++,objc,obj-c++,java,fortran,ada --enable-java-awt=gtk --disable-dssi --disable-plugin --with-java-home=/usr/lib/jvm/java-1.4.2-gcj-1.4.2.0/jre --with-cpu=generic --host=x86_64-redhat-linux
Thread model: posix
gcc version 4.1.2 20080704 (Red Hat 4.1.2-50)
configure:2023: $? = 0
configure:2025: g++ -V </dev/null >&5
g++: '-V' option must have argument
configure:2028: $? = 1
configure:2051: checking for C++ compiler default output file name
configure:2054: g++  -I/usr/local/dip/depsys/fb303-thrift-0.4.0/include/thrift/fb303 -I/usr/local/dip/depsys/thrift-0.4.0/include/thrift -I/usr/local/dip/depsys/libcurl/include -L/usr/local/dip/depsys/fb303-thrift-0.4.0/lib -L/usr/local/dip/depsys/thrift-0.4.0/lib conftest.cc  >&5
configure:2057: $? = 0
configure:2103: result: a.out
configure:2108: checking whether the C++ compiler works
configure:2114: ./a.out
configure:2117: $? = 0
configure:2134: result: yes
configure:2141: checking whether we are cross compiling
configure:2143: result: no
configure:2146: checking for suffix of executables
configure:2148: g++ -o conftest  -I/usr/local/dip/depsys/fb303-thrift-0.4.0/include/thrift/fb303 -I/usr/local/dip/depsys/thrift-0.4.0/include/thrift -I/usr/local/dip/depsys/libcurl/include -L/usr/local/dip/depsys/fb303-thrift-0.4.0/lib -L/usr/local/dip/depsys/thrift-0.4.0/lib conftest.cc  >&5
configure:2151: $? = 0
configure:2176: result: 
configure:2182: checking for suffix of object files
configure:2203: g++ -c  -I/usr/local/dip/depsys/fb303-thrift-0.4.0/include/thrift/fb303 -I/usr/local/dip/depsys/thrift-0.4.0/include/thrift -I/usr/local/dip/depsys/libcurl/include conftest.cc >&5
configure:2206: $? = 0
configure:2228: result: o
configure:2232: checking whether we are using the GNU C++ compiler
configure:2256: g++ -c  -I/usr/local/dip/depsys/fb303-thrift-0.4.0/include/thrift/fb303 -I/usr/local/dip/depsys/thrift-0.4.0/include/thrift -I/usr/local/dip/depsys/libcurl/include conftest.cc >&5
configure:2262: $? = 0
configure:2266: test -z 
			 || test ! -s conftest.err
configure:2269: $? = 0
configure:2272: test -s conftest.o
configure:2275: $? = 0
configure:2288: result: yes
configure:2294: checking whether g++ accepts -g
configure:2315: g++ -c -g -I/usr/local/dip/depsys/fb303-thrift-0.4.0/include/thrift/fb303 -I/usr/local/dip/depsys/thrift-0.4.0/include/thrift -I/usr/local/dip/depsys/libcurl/include conftest.cc >&5
configure:2321: $? = 0
configure:2325: test -z 
			 || test ! -s conftest.err
configure:2328: $? = 0
configure:2331: test -s conftest.o
configure:2334: $? = 0
configure:2345: result: yes
configure:2387: g++ -c -g -O2 -I/usr/local/dip/depsys/fb303-thrift-0.4.0/include/thrift/fb303 -I/usr/local/dip/depsys/thrift-0.4.0/include/thrift -I/usr/local/dip/depsys/libcurl/include conftest.cc >&5
configure:2393: $? = 0
configure:2397: test -z 
			 || test ! -s conftest.err
configure:2400: $? = 0
configure:2403: test -s conftest.o
configure:2406: $? = 0
configure:2432: g++ -c -g -O2 -I/usr/local/dip/depsys/fb303-thrift-0.4.0/include/thrift/fb303 -I/usr/local/dip/depsys/thrift-0.4.0/include/thrift -I/usr/local/dip/depsys/libcurl/include conftest.cc >&5
conftest.cc: In function 'int main()':
conftest.cc:17: error: 'exit' was not declared in this scope
configure:2438: $? = 1
configure: failed program was:
| /* confdefs.h.  */
| 
| #define PACKAGE_NAME "dip_logtail"
| #define PACKAGE_TARNAME "dip_logtail"
| #define PACKAGE_VERSION "1.0"
| #define PACKAGE_STRING "dip_logtail 1.0"
| #define PACKAGE_BUGREPORT "guoxian1@staff.sina.com.cn"
| #define PACKAGE "dip_logtail"
| #define VERSION "1.0"
| #define PACKAGE "dip_logtail"
| #define VERSION "1.0"
| /* end confdefs.h.  */
| 
| int
| main ()
| {
| exit (42);
|   ;
|   return 0;
| }
configure:2387: g++ -c -g -O2 -I/usr/local/dip/depsys/fb303-thrift-0.4.0/include/thrift/fb303 -I/usr/local/dip/depsys/thrift-0.4.0/include/thrift -I/usr/local/dip/depsys/libcurl/include conftest.cc >&5
configure:2393: $? = 0
configure:2397: test -z 
			 || test ! -s conftest.err
configure:2400: $? = 0
configure:2403: test -s conftest.o
configure:2406: $? = 0
configure:2432: g++ -c -g -O2 -I/usr/local/dip/depsys/fb303-thrift-0.4.0/include/thrift/fb303 -I/usr/local/dip/depsys/thrift-0.4.0/include/thrift -I/usr/local/dip/depsys/libcurl/include conftest.cc >&5
configure:2438: $? = 0
configure:2442: test -z 
			 || test ! -s conftest.err
configure:2445: $? = 0
configure:2448: test -s conftest.o
configure:2451: $? = 0
configure:2485: checking for style of include used by make
configure:2513: result: GNU
configure:2541: checking dependency style of g++
configure:2631: result: gcc3
configure:2650: checking dependency style of g++
configure:2740: result: gcc3
configure:2803: checking for gcc
configure:2819: found /usr/bin//gcc
configure:2829: result: gcc
configure:3073: checking for C compiler version
configure:3076: gcc --version </dev/null >&5
gcc (GCC) 4.1.2 20080704 (Red Hat 4.1.2-50)
Copyright (C) 2006 Free Software Foundation, Inc.
This is free software; see the source for copying conditions.  There is NO
warranty; not even for MERCHANTABILITY or FITNESS FOR A PARTICULAR PURPOSE.

configure:3079: $? = 0
configure:3081: gcc -v </dev/null >&5
Using built-in specs.
Target: x86_64-redhat-linux
Configured with: ../configure --prefix=/usr --mandir=/usr/share/man --infodir=/usr/share/info --enable-shared --enable-threads=posix --enable-checking=release --with-system-zlib --enable-__cxa_atexit --disable-libunwind-exceptions --enable-libgcj-multifile --enable-languages=c,c++,objc,obj-c++,java,fortran,ada --enable-java-awt=gtk --disable-dssi --disable-plugin --with-java-home=/usr/lib/jvm/java-1.4.2-gcj-1.4.2.0/jre --with-cpu=generic --host=x86_64-redhat-linux
Thread model: posix
gcc version 4.1.2 20080704 (Red Hat 4.1.2-50)
configure:3084: $? = 0
configure:3086: gcc -V </dev/null >&5
gcc: '-V' option must have argument
configure:3089: $? = 1
configure:3092: checking whether we are using the GNU C compiler
configure:3116: gcc -c  -I/usr/local/dip/depsys/fb303-thrift-0.4.0/include/thrift/fb303 -I/usr/local/dip/depsys/thrift-0.4.0/include/thrift -I/usr/local/dip/depsys/libcurl/include conftest.c >&5
configure:3122: $? = 0
configure:3126: test -z 
			 || test ! -s conftest.err
configure:3129: $? = 0
configure:3132: test -s conftest.o
configure:3135: $? = 0
configure:3148: result: yes
configure:3154: checking whether gcc accepts -g
configure:3175: gcc -c -g -I/usr/local/dip/depsys/fb303-thrift-0.4.0/include/thrift/fb303 -I/usr/local/dip/depsys/thrift-0.4.0/include/thrift -I/usr/local/dip/depsys/libcurl/include conftest.c >&5
configure:3181: $? = 0
configure:3185: test -z 
			 || test ! -s conftest.err
configure:3188: $? = 0
configure:3191: test -s conftest.o
configure:3194: $? = 0
configure:3205: result: yes
configure:3222: checking for gcc option to accept ANSI C
configure:3292: gcc  -c -g -O2 -I/usr/local/dip/depsys/fb303-thrift-0.4.0/include/thrift/fb303 -I/usr/local/dip/depsys/thrift-0.4.0/include/thrift -I/usr/local/dip/depsys/libcurl/include conftest.c >&5
configure:3298: $? = 0
configure:3302: test -z 
			 || test ! -s conftest.err
configure:3305: $? = 0
configure:3308: test -s conftest.o
configure:3311: $? = 0
configure:3329: result: none needed
configure:3347: gcc -c -g -O2 -I/usr/local/dip/depsys/fb303-thrift-0.4.0/include/thrift/fb303 -I/usr/local/dip/depsys/thrift-0.4.0/include/thrift -I/usr/local/dip/depsys/libcurl/include conftest.c >&5
conftest.c:2: error: expected '=', ',', ';', 'asm' or '__attribute__' before 'me'
configure:3353: $? = 1
configure: failed program was:
| #ifndef __cplusplus
|   choke me
| #endif
configure:3488: checking dependency style of gcc
configure:3578: result: gcc3
configure:3597: checking dependency style of gcc
configure:3687: result: gcc3
configure:3717: checking for a BSD-compatible install
configure:3772: result: /usr/bin//install -c
configure:3783: checking whether make sets $(MAKE)
configure:3803: result: yes
configure:3823: checking how to run the C preprocessor
configure:3858: gcc -E -I/usr/local/dip/depsys/fb303-thrift-0.4.0/include/thrift/fb303 -I/usr/local/dip/depsys/thrift-0.4.0/include/thrift -I/usr/local/dip/depsys/libcurl/include conftest.c
configure:3864: $? = 0
configure:3896: gcc -E -I/usr/local/dip/depsys/fb303-thrift-0.4.0/include/thrift/fb303 -I/usr/local/dip/depsys/thrift-0.4.0/include/thrift -I/usr/local/dip/depsys/libcurl/include conftest.c
conftest.c:16:28: error: ac_nonexistent.h: No such file or directory
configure:3902: $? = 1
configure: failed program was:
| /* confdefs.h.  */
| 
| #define PACKAGE_NAME "dip_logtail"
| #define PACKAGE_TARNAME "dip_logtail"
| #define PACKAGE_VERSION "1.0"
| #define PACKAGE_STRING "dip_logtail 1.0"
| #define PACKAGE_BUGREPORT "guoxian1@staff.sina.com.cn"
| #define PACKAGE "dip_logtail"
| #define VERSION "1.0"
| #define PACKAGE "dip_logtail"
| #define VERSION "1.0"
| #ifdef __cplusplus
| extern "C" void std::exit (int) throw (); using std::exit;
| #endif
| /* end confdefs.h.  */
| #include <ac_nonexistent.h>
configure:3941: result: gcc -E
configure:3965: gcc -E -I/usr/local/dip/depsys/fb303-thrift-0.4.0/include/thrift/fb303 -I/usr/local/dip/depsys/thrift-0.4.0/include/thrift -I/usr/local/dip/depsys/libcurl/include conftest.c
configure:3971: $? = 0
configure:4003: gcc -E -I/usr/local/dip/depsys/fb303-thrift-0.4.0/include/thrift/fb303 -I/usr/local/dip/depsys/thrift-0.4.0/include/thrift -I/usr/local/dip/depsys/libcurl/include conftest.c
conftest.c:16:28: error: ac_nonexistent.h: No such file or directory
configure:4009: $? = 1
configure: failed program was:
| /* confdefs.h.  */
| 
| #define PACKAGE_NAME "dip_logtail"
| #define PACKAGE_TARNAME "dip_logtail"
| #define PACKAGE_VERSION "1.0"
| #define PACKAGE_STRING "dip_logtail 1.0"
| #define PACKAGE_BUGREPORT "guoxian1@staff.sina.com.cn"
| #define PACKAGE "dip_logtail"
| #define VERSION "1.0"
| #define PACKAGE "dip_logtail"
| #define VERSION "1.0"
| #ifdef __cplusplus
| extern "C" void std::exit (int) throw (); using std::exit;
| #endif
| /* end confdefs.h.  */
| #include <ac_nonexistent.h>
configure:4053: checking for egrep
configure:4063: result: grep -E
configure:4068: checking for ANSI C header files
configure:4093: gcc -c -g -O2 -I/usr/local/dip/depsys/fb303-thrift-0.4.0/include/thrift/fb303 -I/usr/local/dip/depsys/thrift-0.4.0/include/thrift -I/usr/local/dip/depsys/libcurl/include conftest.c >&5
configure:4099: $? = 0
configure:4103: test -z 
			 || test ! -s conftest.err
configure:4106: $? = 0
configure:4109: test -s conftest.o
configure:4112: $? = 0
configure:4201: gcc -o conftest -g -O2 -I/usr/local/dip/depsys/fb303-thrift-0.4.0/include/thrift/fb303 -I/usr/local/dip/depsys/thrift-0.4.0/include/thrift -I/usr/local/dip/depsys/libcurl/include -L/usr/local/dip/depsys/fb303-thrift-0.4.0/lib -L/usr/local/dip/depsys/thrift-0.4.0/lib conftest.c  >&5
conftest.c: In function 'main':
conftest.c:33: warning: incompatible implicit declaration of built-in function 'exit'
configure:4204: $? = 0
configure:4206: ./conftest
configure:4209: $? = 0
configure:4224: result: yes
configure:4248: checking for sys/types.h
configure:4264: gcc -c -g -O2 -I/usr/local/dip/depsys/fb303-thrift-0.4.0/include/thrift/fb303 -I/usr/local/dip/depsys/thrift-0.4.0/include/thrift -I/usr/local/dip/depsys/libcurl/include conftest.c >&5
configure:4270: $? = 0
configure:4274: test -z 
			 || test ! -s conftest.err
configure:4277: $? = 0
configure:4280: test -s conftest.o
configure:4283: $? = 0
configure:4294: result: yes
configure:4248: checking for sys/stat.h
configure:4264: gcc -c -g -O2 -I/usr/local/dip/depsys/fb303-thrift-0.4.0/include/thrift/fb303 -I/usr/local/dip/depsys/thrift-0.4.0/include/thrift -I/usr/local/dip/depsys/libcurl/include conftest.c >&5
configure:4270: $? = 0
configure:4274: test -z 
			 || test ! -s conftest.err
configure:4277: $? = 0
configure:4280: test -s conftest.o
configure:4283: $? = 0
configure:4294: result: yes
configure:4248: checking for stdlib.h
configure:4264: gcc -c -g -O2 -I/usr/local/dip/depsys/fb303-thrift-0.4.0/include/thrift/fb303 -I/usr/local/dip/depsys/thrift-0.4.0/include/thrift -I/usr/local/dip/depsys/libcurl/include conftest.c >&5
configure:4270: $? = 0
configure:4274: test -z 
			 || test ! -s conftest.err
configure:4277: $? = 0
configure:4280: test -s conftest.o
configure:4283: $? = 0
configure:4294: result: yes
configure:4248: checking for string.h
configure:4264: gcc -c -g -O2 -I/usr/local/dip/depsys/fb303-thrift-0.4.0/include/thrift/fb303 -I/usr/local/dip/depsys/thrift-0.4.0/include/thrift -I/usr/local/dip/depsys/libcurl/include conftest.c >&5
configure:4270: $? = 0
configure:4274: test -z 
			 || test ! -s conftest.err
configure:4277: $? = 0
configure:4280: test -s conftest.o
configure:4283: $? = 0
configure:4294: result: yes
configure:4248: checking for memory.h
configure:4264: gcc -c -g -O2 -I/usr/local/dip/depsys/fb303-thrift-0.4.0/include/thrift/fb303 -I/usr/local/dip/depsys/thrift-0.4.0/include/thrift -I/usr/local/dip/depsys/libcurl/include conftest.c >&5
configure:4270: $? = 0
configure:4274: test -z 
			 || test ! -s conftest.err
configure:4277: $? = 0
configure:4280: test -s conftest.o
configure:4283: $? = 0
configure:4294: result: yes
configure:4248: checking for strings.h
configure:4264: gcc -c -g -O2 -I/usr/local/dip/depsys/fb303-thrift-0.4.0/include/thrift/fb303 -I/usr/local/dip/depsys/thrift-0.4.0/include/thrift -I/usr/local/dip/depsys/libcurl/include conftest.c >&5
configure:4270: $? = 0
configure:4274: test -z 
			 || test ! -s conftest.err
configure:4277: $? = 0
configure:4280: test -s conftest.o
configure:4283: $? = 0
configure:4294: result: yes
configure:4248: checking for inttypes.h
configure:4264: gcc -c -g -O2 -I/usr/local/dip/depsys/fb303-thrift-0.4.0/include/thrift/fb303 -I/usr/local/dip/depsys/thrift-0.4.0/include/thrift -I/usr/local/dip/depsys/libcurl/include conftest.c >&5
configure:4270: $? = 0
configure:4274: test -z 
			 || test ! -s conftest.err
configure:4277: $? = 0
configure:4280: test -s conftest.o
configure:4283: $? = 0
configure:4294: result: yes
configure:4248: checking for stdint.h
configure:4264: gcc -c -g -O2 -I/usr/local/dip/depsys/fb303-thrift-0.4.0/include/thrift/fb303 -I/usr/local/dip/depsys/thrift-0.4.0/include/thrift -I/usr/local/dip/depsys/libcurl/include conftest.c >&5
configure:4270: $? = 0
configure:4274: test -z 
			 || test ! -s conftest.err
configure:4277: $? = 0
configure:4280: test -s conftest.o
configure:4283: $? = 0
configure:4294: result: yes
configure:4248: checking for unistd.h
configure:4264: gcc -c -g -O2 -I/usr/local/dip/depsys/fb303-thrift-0.4.0/include/thrift/fb303 -I/usr/local/dip/depsys/thrift-0.4.0/include/thrift -I/usr/local/dip/depsys/libcurl/include conftest.c >&5
configure:4270: $? = 0
configure:4274: test -z 
			 || test ! -s conftest.err
configure:4277: $? = 0
configure:4280: test -s conftest.o
configure:4283: $? = 0
configure:4294: result: yes
configure:4306: checking for stdbool.h that conforms to C99
configure:4359: gcc -c -g -O2 -I/usr/local/dip/depsys/fb303-thrift-0.4.0/include/thrift/fb303 -I/usr/local/dip/depsys/thrift-0.4.0/include/thrift -I/usr/local/dip/depsys/libcurl/include conftest.c >&5
configure:4365: $? = 0
configure:4369: test -z 
			 || test ! -s conftest.err
configure:4372: $? = 0
configure:4375: test -s conftest.o
configure:4378: $? = 0
configure:4389: result: yes
configure:4391: checking for _Bool
configure:4415: gcc -c -g -O2 -I/usr/local/dip/depsys/fb303-thrift-0.4.0/include/thrift/fb303 -I/usr/local/dip/depsys/thrift-0.4.0/include/thrift -I/usr/local/dip/depsys/libcurl/include conftest.c >&5
configure:4421: $? = 0
configure:4425: test -z 
			 || test ! -s conftest.err
configure:4428: $? = 0
configure:4431: test -s conftest.o
configure:4434: $? = 0
configure:4445: result: yes
configure:4464: checking for an ANSI C-conforming const
configure:4531: gcc -c -g -O2 -I/usr/local/dip/depsys/fb303-thrift-0.4.0/include/thrift/fb303 -I/usr/local/dip/depsys/thrift-0.4.0/include/thrift -I/usr/local/dip/depsys/libcurl/include conftest.c >&5
configure:4537: $? = 0
configure:4541: test -z 
			 || test ! -s conftest.err
configure:4544: $? = 0
configure:4547: test -s conftest.o
configure:4550: $? = 0
configure:4561: result: yes
configure:4571: checking for size_t
configure:4595: gcc -c -g -O2 -I/usr/local/dip/depsys/fb303-thrift-0.4.0/include/thrift/fb303 -I/usr/local/dip/depsys/thrift-0.4.0/include/thrift -I/usr/local/dip/depsys/libcurl/include conftest.c >&5
configure:4601: $? = 0
configure:4605: test -z 
			 || test ! -s conftest.err
configure:4608: $? = 0
configure:4611: test -s conftest.o
configure:4614: $? = 0
configure:4625: result: yes
configure:4640: checking whether gcc needs -traditional
configure:4682: result: no
configure:4689: checking whether lstat dereferences a symlink specified with a trailing slash
configure:4720: gcc -o conftest -g -O2 -I/usr/local/dip/depsys/fb303-thrift-0.4.0/include/thrift/fb303 -I/usr/local/dip/depsys/thrift-0.4.0/include/thrift -I/usr/local/dip/depsys/libcurl/include -L/usr/local/dip/depsys/fb303-thrift-0.4.0/lib -L/usr/local/dip/depsys/thrift-0.4.0/lib conftest.c  >&5
configure:4723: $? = 0
configure:4725: ./conftest
configure:4728: $? = 0
configure:4749: result: yes
configure:4770: checking whether stat accepts an empty string
configure:4795: gcc -o conftest -g -O2 -I/usr/local/dip/depsys/fb303-thrift-0.4.0/include/thrift/fb303 -I/usr/local/dip/depsys/thrift-0.4.0/include/thrift -I/usr/local/dip/depsys/libcurl/include -L/usr/local/dip/depsys/fb303-thrift-0.4.0/lib -L/usr/local/dip/depsys/thrift-0.4.0/lib conftest.c  >&5
configure:4798: $? = 0
configure:4800: ./conftest
configure:4803: $? = 1
configure: program exited with status 1
configure: failed program was:
| /* confdefs.h.  */
| 
| #define PACKAGE_NAME "dip_logtail"
| #define PACKAGE_TARNAME "dip_logtail"
| #define PACKAGE_VERSION "1.0"
| #define PACKAGE_STRING "dip_logtail 1.0"
| #define PACKAGE_BUGREPORT "guoxian1@staff.sina.com.cn"
| #define PACKAGE "dip_logtail"
| #define VERSION "1.0"
| #define PACKAGE "dip_logtail"
| #define VERSION "1.0"
| #ifdef __cplusplus
| extern "C" void std::exit (int) throw (); using std::exit;
| #endif
| #define STDC_HEADERS 1
| #define HAVE_SYS_TYPES_H 1
| #define HAVE_SYS_STAT_H 1
| #define HAVE_STDLIB_H 1
| #define HAVE_STRING_H 1
| #define HAVE_MEMORY_H 1
| #define HAVE_STRINGS_H 1
| #define HAVE_INTTYPES_H 1
| #define HAVE_STDINT_H 1
| #define HAVE_UNISTD_H 1
| #define HAVE__BOOL 1
| #define HAVE_STDBOOL_H 1
| #define LSTAT_FOLLOWS_SLASHED_SYMLINK 1
| /* end confdefs.h.  */
| #include <stdio.h>
| #if HAVE_SYS_TYPES_H
| # include <sys/types.h>
| #endif
| #if HAVE_SYS_STAT_H
| # include <sys/stat.h>
| #endif
| #if STDC_HEADERS
| # include <stdlib.h>
| # include <stddef.h>
| #else
| # if HAVE_STDLIB_H
| #  include <stdlib.h>
| # endif
| #endif
| #if HAVE_STRING_H
| # if !STDC_HEADERS && HAVE_MEMORY_H
| #  include <memory.h>
| # endif
| # include <string.h>
| #endif
| #if HAVE_STRINGS_H
| # include <strings.h>
| #endif
| #if HAVE_INTTYPES_H
| # include <inttypes.h>
| #else
| # if HAVE_STDINT_H
| #  include <stdint.h>
| # endif
| #endif
| #if HAVE_UNISTD_H
| # include <unistd.h>
| #endif
| int
| main ()
| {
| struct stat sbuf;
|   exit (stat ("", &sbuf) ? 1 : 0);
|   ;
|   return 0;
| }
configure:4817: result: no
configure:4967: creating ./config.status

## ---------------------- ##
## Running config.status. ##
## ---------------------- ##

This file was extended by dip_logtail config.status 1.0, which was
generated by GNU Autoconf 2.59.  Invocation command line was

  CONFIG_FILES    = 
  CONFIG_HEADERS  = 
  CONFIG_LINKS    = 
  CONFIG_COMMANDS = 
  $ ./config.status 

on h-master

config.status:695: creating Makefile
config.status:799: creating config.h
config.status:915: config.h is unchanged
config.status:1095: executing depfiles commands

## ---------------- ##
## Cache variables. ##
## ---------------- ##

ac_cv_c_compiler_gnu=yes
ac_cv_c_const=yes
ac_cv_cxx_compiler_gnu=yes
ac_cv_env_CC_set=
ac_cv_env_CC_value=
ac_cv_env_CFLAGS_set=
ac_cv_env_CFLAGS_value=
ac_cv_env_CPPFLAGS_set=set
ac_cv_env_CPPFLAGS_value='-I/usr/local/dip/depsys/fb303-thrift-0.4.0/include/thrift/fb303 -I/usr/local/dip/depsys/thrift-0.4.0/include/thrift -I/usr/local/dip/depsys/libcurl/include'
ac_cv_env_CPP_set=
ac_cv_env_CPP_value=
ac_cv_env_CXXFLAGS_set=
ac_cv_env_CXXFLAGS_value=
ac_cv_env_CXX_set=
ac_cv_env_CXX_value=
ac_cv_env_LDFLAGS_set=set
ac_cv_env_LDFLAGS_value='-L/usr/local/dip/depsys/fb303-thrift-0.4.0/lib -L/usr/local/dip/depsys/thrift-0.4.0/lib'
ac_cv_env_build_alias_set=
ac_cv_env_build_alias_value=
ac_cv_env_host_alias_set=
ac_cv_env_host_alias_value=
ac_cv_env_target_alias_set=
ac_cv_env_target_alias_value=
ac_cv_exeext=
ac_cv_func_lstat_dereferences_slashed_symlink=yes
ac_cv_func_stat_empty_string_bug=no
ac_cv_header_inttypes_h=yes
ac_cv_header_memory_h=yes
ac_cv_header_stdbool_h=yes
ac_cv_header_stdc=yes
ac_cv_header_stdint_h=yes
ac_cv_header_stdlib_h=yes
ac_cv_header_string_h=yes
ac_cv_header_strings_h=yes
ac_cv_header_sys_stat_h=yes
ac_cv_header_sys_types_h=yes
ac_cv_header_unistd_h=yes
ac_cv_objext=o
ac_cv_path_install='/usr/bin//install -c'
ac_cv_prog_AWK=gawk
ac_cv_prog_CPP='gcc -E'
ac_cv_prog_ac_ct_CC=gcc
ac_cv_prog_ac_ct_CXX=g++
ac_cv_prog_cc_g=yes
ac_cv_prog_cc_stdc=
ac_cv_prog_cxx_g=yes
ac_cv_prog_egrep='grep -E'
ac_cv_prog_gcc_traditional=no
ac_cv_prog_make_make_set=yes
ac_cv_type__Bool=yes
ac_cv_type_size_t=yes
am_cv_CC_dependencies_compiler_type=gcc3
am_cv_CXX_dependencies_compiler_type=gcc3

## ----------------- ##
## Output variables. ##
## ----------------- ##

ACLOCAL='${SHELL} /usr/home/guoxian1/workspace/dip_logtail/trunk/missing --run aclocal-1.9'
AMDEPBACKSLASH='\'
AMDEP_FALSE='#'
AMDEP_TRUE=''
AMTAR='${SHELL} /usr/home/guoxian1/workspace/dip_logtail/trunk/missing --run tar'
AUTOCONF='${SHELL} /usr/home/guoxian1/workspace/dip_logtail/trunk/missing --run autoconf'
AUTOHEADER='${SHELL} /usr/home/guoxian1/workspace/dip_logtail/trunk/missing --run autoheader'
AUTOMAKE='${SHELL} /usr/home/guoxian1/workspace/dip_logtail/trunk/missing --run automake-1.9'
AWK='gawk'
CC='gcc'
CCDEPMODE='depmode=gcc3'
CFLAGS='-g -O2'
CPP='gcc -E'
CPPFLAGS='-I/usr/local/dip/depsys/fb303-thrift-0.4.0/include/thrift/fb303 -I/usr/local/dip/depsys/thrift-0.4.0/include/thrift -I/usr/local/dip/depsys/libcurl/include'
CXX='g++'
CXXDEPMODE='depmode=gcc3'
CXXFLAGS='-g -O2'
CYGPATH_W='echo'
DEFS='-DHAVE_CONFIG_H'
DEPDIR='.deps'
ECHO_C=''
ECHO_N='-n'
ECHO_T=''
EGREP='grep -E'
EXEEXT=''
INSTALL_DATA='${INSTALL} -m 644'
INSTALL_PROGRAM='${INSTALL}'
INSTALL_SCRIPT='${INSTALL}'
INSTALL_STRIP_PROGRAM='${SHELL} $(install_sh) -c -s'
LDFLAGS='-L/usr/local/dip/depsys/fb303-thrift-0.4.0/lib -L/usr/local/dip/depsys/thrift-0.4.0/lib'
LIBOBJS=''
LIBS=''
LTLIBOBJS=''
MAKEINFO='${SHELL} /usr/home/guoxian1/workspace/dip_logtail/trunk/missing --run makeinfo'
OBJEXT='o'
PACKAGE='dip_logtail'
PACKAGE_BUGREPORT='guoxian1@staff.sina.com.cn'
PACKAGE_NAME='dip_logtail'
PACKAGE_STRING='dip_logtail 1.0'
PACKAGE_TARNAME='dip_logtail'
PACKAGE_VERSION='1.0'
PATH_SEPARATOR=':'
SET_MAKE=''
SHELL='/bin/sh'
STRIP=''
VERSION='1.0'
ac_ct_CC='gcc'
ac_ct_CXX='g++'
ac_ct_STRIP=''
am__fastdepCC_FALSE='#'
am__fastdepCC_TRUE=''
am__fastdepCXX_FALSE='#'
am__fastdepCXX_TRUE=''
am__include='include'
am__leading_dot='.'
am__quote=''
am__tar='${AMTAR} chof - "$$tardir"'
am__untar='${AMTAR} xf -'
bindir='${exec_prefix}/bin'
build_alias=''
datadir='${prefix}/share'
exec_prefix='${prefix}'
host_alias=''
includedir='${prefix}/include'
infodir='${prefix}/info'
install_sh='/usr/home/guoxian1/workspace/dip_logtail/trunk/install-sh'
libdir='${exec_prefix}/lib'
libexecdir='${exec_prefix}/libexec'
localstatedir='${prefix}/var'
mandir='${prefix}/man'
mkdir_p='mkdir -p --'
oldincludedir='/usr/include'
prefix='/usr/home/guoxian1/test_logtail'
program_transform_name='s,x,x,'
sbindir='${exec_prefix}/sbin'
sharedstatedir='${prefix}/com'
sysconfdir='${prefix}/etc'
target_alias=''

## ----------- ##
## confdefs.h. ##
## ----------- ##

#define HAVE_INTTYPES_H 1
#define HAVE_MEMORY_H 1
#define HAVE_STDBOOL_H 1
#define HAVE_STDINT_H 1
#define HAVE_STDLIB_H 1
#define HAVE_STRINGS_H 1
#define HAVE_STRING_H 1
#define HAVE_SYS_STAT_H 1
#define HAVE_SYS_TYPES_H 1
#define HAVE_UNISTD_H 1
#define HAVE__BOOL 1
#define LSTAT_FOLLOWS_SLASHED_SYMLINK 1
#define PACKAGE "dip_logtail"
#define PACKAGE "dip_logtail"
#define PACKAGE_BUGREPORT "guoxian1@staff.sina.com.cn"
#define PACKAGE_NAME "dip_logtail"
#define PACKAGE_STRING "dip_logtail 1.0"
#define PACKAGE_TARNAME "dip_logtail"
#define PACKAGE_VERSION "1.0"
#define STDC_HEADERS 1
#define VERSION "1.0"
#define VERSION "1.0"
#endif
#ifdef __cplusplus
extern "C" void std::exit (int) throw (); using std::exit;

configure: exit 0
